This is pdfTeX, Version 3.14159265-2.6-1.40.19 (MiKTeX 2.9.6630 64-bit) (preloaded format=pdflatex 2018.7.12)  18 APR 2019 18:56
entering extended mode
**./dissertation.tex
(dissertation.tex
LaTeX2e <2017-04-15>
Babel <3.18> and hyphenation patterns for 75 language(s) loaded.
(WSUThesis.cls
Document Class: WSUThesis 
(gsize12.clo
File: gsize12.clo 1997/04/04 v1.1 OSU Graduate Thesis file (size 12pt)
)
\headwidth=\skip41
\@headheight=\skip42
\@extraheadheight=\skip43
\c@reducedpagenumber=\count79
\@pagenumberwidth=\skip44
\c@chapter=\count80
\c@section=\count81
\c@subsection=\count82
\c@subsubsection=\count83
\c@paragraph=\count84
\c@subparagraph=\count85
\c@figure=\count86
\c@table=\count87
\abovecaptionskip=\skip45
\belowcaptionskip=\skip46
\bibindent=\dimen102
) (WSUThesis.sty
Package: WSUThesis 
)
("C:\Program Files\MiKTeX 2.9\tex\latex\amsfonts\amsfonts.sty"
Package: amsfonts 2013/01/14 v3.01 Basic AMSFonts support
\@emptytoks=\toks14
\symAMSa=\mathgroup4
\symAMSb=\mathgroup5
LaTeX Font Info:    Overwriting math alphabet `\mathfrak' in version `bold'
(Font)                  U/euf/m/n --> U/euf/b/n on input line 106.
)
("C:\Program Files\MiKTeX 2.9\tex\latex\amsmath\amsmath.sty"
Package: amsmath 2017/09/02 v2.17a AMS math features
\@mathmargin=\skip47

For additional information on amsmath, use the `?' option.
("C:\Program Files\MiKTeX 2.9\tex\latex\amsmath\amstext.sty"
Package: amstext 2000/06/29 v2.01 AMS text

("C:\Program Files\MiKTeX 2.9\tex\latex\amsmath\amsgen.sty"
File: amsgen.sty 1999/11/30 v2.0 generic functions
\@emptytoks=\toks15
\ex@=\dimen103
))
("C:\Program Files\MiKTeX 2.9\tex\latex\amsmath\amsbsy.sty"
Package: amsbsy 1999/11/29 v1.2d Bold Symbols
\pmbraise@=\dimen104
)
("C:\Program Files\MiKTeX 2.9\tex\latex\amsmath\amsopn.sty"
Package: amsopn 2016/03/08 v2.02 operator names
)
\inf@bad=\count88
LaTeX Info: Redefining \frac on input line 213.
\uproot@=\count89
\leftroot@=\count90
LaTeX Info: Redefining \overline on input line 375.
\classnum@=\count91
\DOTSCASE@=\count92
LaTeX Info: Redefining \ldots on input line 472.
LaTeX Info: Redefining \dots on input line 475.
LaTeX Info: Redefining \cdots on input line 596.
\Mathstrutbox@=\box26
\strutbox@=\box27
\big@size=\dimen105
LaTeX Font Info:    Redeclaring font encoding OML on input line 712.
LaTeX Font Info:    Redeclaring font encoding OMS on input line 713.
\macc@depth=\count93
\c@MaxMatrixCols=\count94
\dotsspace@=\muskip10
\c@parentequation=\count95
\dspbrk@lvl=\count96
\tag@help=\toks16
\row@=\count97
\column@=\count98
\maxfields@=\count99
\andhelp@=\toks17
\eqnshift@=\dimen106
\alignsep@=\dimen107
\tagshift@=\dimen108
\tagwidth@=\dimen109
\totwidth@=\dimen110
\lineht@=\dimen111
\@envbody=\toks18
\multlinegap=\skip48
\multlinetaggap=\skip49
\mathdisplay@stack=\toks19
LaTeX Info: Redefining \[ on input line 2817.
LaTeX Info: Redefining \] on input line 2818.
)
("C:\Program Files\MiKTeX 2.9\tex\latex\amsfonts\amssymb.sty"
Package: amssymb 2013/01/14 v3.01 AMS font symbols
)
("C:\Program Files\MiKTeX 2.9\tex\latex\amscls\amsthm.sty"
Package: amsthm 2017/10/31 v2.20.4
\thm@style=\toks20
\thm@bodyfont=\toks21
\thm@headfont=\toks22
\thm@notefont=\toks23
\thm@headpunct=\toks24
\thm@preskip=\skip50
\thm@postskip=\skip51
\thm@headsep=\skip52
\dth@everypar=\toks25
)
("C:\Program Files\MiKTeX 2.9\tex\latex\graphics\color.sty"
Package: color 2016/07/10 v1.1e Standard LaTeX Color (DPC)

("C:\Program Files\MiKTeX 2.9\tex\latex\graphics-cfg\color.cfg"
File: color.cfg 2016/01/02 v1.6 sample color configuration
)
Package color Info: Driver file: pdftex.def on input line 147.

("C:\Program Files\MiKTeX 2.9\tex\latex\graphics-def\pdftex.def"
File: pdftex.def 2018/01/08 v1.0l Graphics/color driver for pdftex
)
("C:\Program Files\MiKTeX 2.9\tex\latex\graphics\dvipsnam.def"
File: dvipsnam.def 2016/06/17 v3.0m Driver-dependent file (DPC,SPQR)
))
("C:\Program Files\MiKTeX 2.9\tex\latex\graphics\graphicx.sty"
Package: graphicx 2017/06/01 v1.1a Enhanced LaTeX Graphics (DPC,SPQR)

("C:\Program Files\MiKTeX 2.9\tex\latex\graphics\keyval.sty"
Package: keyval 2014/10/28 v1.15 key=value parser (DPC)
\KV@toks@=\toks26
)
("C:\Program Files\MiKTeX 2.9\tex\latex\graphics\graphics.sty"
Package: graphics 2017/06/25 v1.2c Standard LaTeX Graphics (DPC,SPQR)

("C:\Program Files\MiKTeX 2.9\tex\latex\graphics\trig.sty"
Package: trig 2016/01/03 v1.10 sin cos tan (DPC)
)
("C:\Program Files\MiKTeX 2.9\tex\latex\graphics-cfg\graphics.cfg"
File: graphics.cfg 2016/06/04 v1.11 sample graphics configuration
)
Package graphics Info: Driver file: pdftex.def on input line 99.
)
\Gin@req@height=\dimen112
\Gin@req@width=\dimen113
)
("C:\Program Files\MiKTeX 2.9\tex\latex\colortbl\colortbl.sty"
Package: colortbl 2018/12/12 v1.0d Color table columns (DPC)

("C:\Program Files\MiKTeX 2.9\tex\latex\tools\array.sty"
Package: array 2016/10/06 v2.4d Tabular extension package (FMi)
\col@sep=\dimen114
\extrarowheight=\dimen115
\NC@list=\toks27
\extratabsurround=\skip53
\backup@length=\skip54
)
\everycr=\toks28
\minrowclearance=\skip55
)
("C:\Program Files\MiKTeX 2.9\tex\latex\caption\caption.sty"
Package: caption 2018/05/01 v3.3-147 Customizing captions (AR)

("C:\Program Files\MiKTeX 2.9\tex\latex\caption\caption3.sty"
Package: caption3 2018/05/27 v1.8a caption3 kernel (AR)
Package caption3 Info: TeX engine: e-TeX on input line 64.
\captionmargin=\dimen116
\captionmargin@=\dimen117
\captionwidth=\dimen118
\caption@tempdima=\dimen119
\caption@indent=\dimen120
\caption@parindent=\dimen121
\caption@hangindent=\dimen122
Package caption Info: Unknown document class (or package),
(caption)             standard defaults will be used.
)

Package caption Warning: Unsupported document class (or package) detected,
(caption)                usage of the caption package is not recommended.
See the caption package documentation for explanation.

Package caption Info: \@makecaption = \long macro:#1#2->\vskip \abovecaptionski
p \reset@font \normalsize \normalfont \rmfamily \baselineskip 1\\@ptsize pt \@p
lus 2pt \@minus 1pt \sbox \@tempboxa {#1: #2}\ifdim \wd \@tempboxa >\hsize #1: 
#2\par \else \global \@minipagefalse \hb@xt@ \hsize {\hfil \box \@tempboxa \hfi
l }\fi \vskip \belowcaptionskip .
\c@ContinuedFloat=\count100
) ("C:\Program Files\MiKTeX 2.9\tex\latex\ulem\ulem.sty"
\UL@box=\box28
\UL@hyphenbox=\box29
\UL@skip=\skip56
\UL@hook=\toks29
\UL@height=\dimen123
\UL@pe=\count101
\UL@pixel=\dimen124
\ULC@box=\box30
Package: ulem 2012/05/18
\ULdepth=\dimen125
)
("C:\Program Files\MiKTeX 2.9\tex\latex\vmargin\vmargin.sty"
Package: vmargin 2004/07/15 V2.5 set document margins (VK)

Package: vmargin 2004/07/15 V2.5 set document margins (VK)
\PaperWidth=\dimen126
\PaperHeight=\dimen127
) ("C:\Program Files\MiKTeX 2.9\tex\latex\multirow\multirow.sty"
Package: multirow 2016/11/25 v2.2 Span multiple rows of a table
\multirow@colwidth=\skip57
\multirow@cntb=\count102
\multirow@dima=\skip58
\bigstrutjot=\dimen128
)
("C:\Program Files\MiKTeX 2.9\tex\latex\base\makeidx.sty"
Package: makeidx 2014/09/29 v1.0m Standard LaTeX package
)
("C:\Program Files\MiKTeX 2.9\tex\latex\caption\subcaption.sty"
Package: subcaption 2018/05/01 v1.1-162 Sub-captions (AR)
\c@subfigure=\count103
\c@subtable=\count104
)
("C:\Program Files\MiKTeX 2.9\tex\latex\natbib\natbib.sty"
Package: natbib 2010/09/13 8.31b (PWD, AO)
\bibhang=\skip59
\bibsep=\skip60
LaTeX Info: Redefining \cite on input line 694.
\c@NAT@ctr=\count105
)
("C:\Program Files\MiKTeX 2.9\tex\latex\tools\tabularx.sty"
Package: tabularx 2016/02/03 v2.11 `tabularx' package (DPC)
\TX@col@width=\dimen129
\TX@old@table=\dimen130
\TX@old@col=\dimen131
\TX@target=\dimen132
\TX@delta=\dimen133
\TX@cols=\count106
\TX@ftn=\toks30
)
("C:\Program Files\MiKTeX 2.9\tex\latex\booktabs\booktabs.sty"
Package: booktabs 2005/04/14 v1.61803 publication quality tables
\heavyrulewidth=\dimen134
\lightrulewidth=\dimen135
\cmidrulewidth=\dimen136
\belowrulesep=\dimen137
\belowbottomsep=\dimen138
\aboverulesep=\dimen139
\abovetopsep=\dimen140
\cmidrulesep=\dimen141
\cmidrulekern=\dimen142
\defaultaddspace=\dimen143
\@cmidla=\count107
\@cmidlb=\count108
\@aboverulesep=\dimen144
\@belowrulesep=\dimen145
\@thisruleclass=\count109
\@lastruleclass=\count110
\@thisrulewidth=\dimen146
)
("C:\Program Files\MiKTeX 2.9\tex\latex\hyperref\hyperref.sty"
Package: hyperref 2018/02/06 v6.86b Hypertext links for LaTeX

("C:\Program Files\MiKTeX 2.9\tex\generic\oberdiek\hobsub-hyperref.sty"
Package: hobsub-hyperref 2016/05/16 v1.14 Bundle oberdiek, subset hyperref (HO)


("C:\Program Files\MiKTeX 2.9\tex\generic\oberdiek\hobsub-generic.sty"
Package: hobsub-generic 2016/05/16 v1.14 Bundle oberdiek, subset generic (HO)
Package: hobsub 2016/05/16 v1.14 Construct package bundles (HO)
Package: infwarerr 2016/05/16 v1.4 Providing info/warning/error messages (HO)
Package: ltxcmds 2016/05/16 v1.23 LaTeX kernel commands for general use (HO)
Package: ifluatex 2016/05/16 v1.4 Provides the ifluatex switch (HO)
Package ifluatex Info: LuaTeX not detected.
Package: ifvtex 2016/05/16 v1.6 Detect VTeX and its facilities (HO)
Package ifvtex Info: VTeX not detected.
Package: intcalc 2016/05/16 v1.2 Expandable calculations with integers (HO)
Package: ifpdf 2017/03/15 v3.2 Provides the ifpdf switch
Package: etexcmds 2016/05/16 v1.6 Avoid name clashes with e-TeX commands (HO)
Package etexcmds Info: Could not find \expanded.
(etexcmds)             That can mean that you are not using pdfTeX 1.50 or
(etexcmds)             that some package has redefined \expanded.
(etexcmds)             In the latter case, load this package earlier.
Package: kvsetkeys 2016/05/16 v1.17 Key value parser (HO)
Package: kvdefinekeys 2016/05/16 v1.4 Define keys (HO)
Package: pdftexcmds 2018/01/21 v0.26 Utility functions of pdfTeX for LuaTeX (HO
)
Package pdftexcmds Info: LuaTeX not detected.
Package pdftexcmds Info: \pdf@primitive is available.
Package pdftexcmds Info: \pdf@ifprimitive is available.
Package pdftexcmds Info: \pdfdraftmode found.
Package: pdfescape 2016/05/16 v1.14 Implements pdfTeX's escape features (HO)
Package: bigintcalc 2016/05/16 v1.4 Expandable calculations on big integers (HO
)
Package: bitset 2016/05/16 v1.2 Handle bit-vector datatype (HO)
Package: uniquecounter 2016/05/16 v1.3 Provide unlimited unique counter (HO)
)
Package hobsub Info: Skipping package `hobsub' (already loaded).
Package: letltxmacro 2016/05/16 v1.5 Let assignment for LaTeX macros (HO)
Package: hopatch 2016/05/16 v1.3 Wrapper for package hooks (HO)
Package: xcolor-patch 2016/05/16 xcolor patch
Package: atveryend 2016/05/16 v1.9 Hooks at the very end of document (HO)
Package atveryend Info: \enddocument detected (standard20110627).
Package: atbegshi 2016/06/09 v1.18 At begin shipout hook (HO)
Package: refcount 2016/05/16 v3.5 Data extraction from label references (HO)
Package: hycolor 2016/05/16 v1.8 Color options for hyperref/bookmark (HO)
)
("C:\Program Files\MiKTeX 2.9\tex\generic\ifxetex\ifxetex.sty"
Package: ifxetex 2010/09/12 v0.6 Provides ifxetex conditional
)
("C:\Program Files\MiKTeX 2.9\tex\latex\oberdiek\auxhook.sty"
Package: auxhook 2016/05/16 v1.4 Hooks for auxiliary files (HO)
)
("C:\Program Files\MiKTeX 2.9\tex\latex\oberdiek\kvoptions.sty"
Package: kvoptions 2016/05/16 v3.12 Key value format for package options (HO)
)
\@linkdim=\dimen147
\Hy@linkcounter=\count111
\Hy@pagecounter=\count112

("C:\Program Files\MiKTeX 2.9\tex\latex\hyperref\pd1enc.def"
File: pd1enc.def 2018/02/06 v6.86b Hyperref: PDFDocEncoding definition (HO)
)
\Hy@SavedSpaceFactor=\count113

("C:\Program Files\MiKTeX 2.9\tex\latex\00miktex\hyperref.cfg"
File: hyperref.cfg 2002/06/06 v1.2 hyperref configuration of TeXLive
)
Package hyperref Info: Option `breaklinks' set `true' on input line 4383.
Package hyperref Info: Hyper figures OFF on input line 4509.
Package hyperref Info: Link nesting OFF on input line 4514.
Package hyperref Info: Hyper index ON on input line 4517.
Package hyperref Info: Plain pages OFF on input line 4524.
Package hyperref Info: Backreferencing OFF on input line 4529.
Package hyperref Info: Implicit mode ON; LaTeX internals redefined.
Package hyperref Info: Bookmarks ON on input line 4762.
\c@Hy@tempcnt=\count114

("C:\Program Files\MiKTeX 2.9\tex\latex\url\url.sty"
\Urlmuskip=\muskip11
Package: url 2013/09/16  ver 3.4  Verb mode for urls, etc.
)
LaTeX Info: Redefining \url on input line 5115.
\XeTeXLinkMargin=\dimen148
\Fld@menulength=\count115
\Field@Width=\dimen149
\Fld@charsize=\dimen150
Package hyperref Info: Hyper figures OFF on input line 6369.
Package hyperref Info: Link nesting OFF on input line 6374.
Package hyperref Info: Hyper index ON on input line 6377.
Package hyperref Info: backreferencing OFF on input line 6384.
Package hyperref Info: Link coloring OFF on input line 6389.
Package hyperref Info: Link coloring with OCG OFF on input line 6394.
Package hyperref Info: PDF/A mode OFF on input line 6399.
LaTeX Info: Redefining \ref on input line 6439.
LaTeX Info: Redefining \pageref on input line 6443.
\Hy@abspage=\count116
\c@Item=\count117
\c@Hfootnote=\count118
)
Package hyperref Info: Driver (autodetected): hpdftex.

("C:\Program Files\MiKTeX 2.9\tex\latex\hyperref\hpdftex.def"
File: hpdftex.def 2018/02/06 v6.86b Hyperref driver for pdfTeX
\Fld@listcount=\count119
\c@bookmark@seq@number=\count120

("C:\Program Files\MiKTeX 2.9\tex\latex\oberdiek\rerunfilecheck.sty"
Package: rerunfilecheck 2016/05/16 v1.8 Rerun checks for auxiliary files (HO)
Package uniquecounter Info: New unique counter `rerunfilecheck' on input line 2
82.
)
\Hy@SectionHShift=\skip61
)
Package hyperref Info: Option `pdffitwindow' set `false' on input line 35.
Package hyperref Info: Option `colorlinks' set `true' on input line 35.
Package hyperref Info: Option `breaklinks' set `true' on input line 35.
Package hyperref Info: Option `hypertexnames' set `false' on input line 35.
Package hyperref Info: Option `bookmarksnumbered' set `true' on input line 35.


Package hyperref Warning: Option `backref' has already been used,
(hyperref)                setting the option has no effect on input line 35.


Package hyperref Warning: Option `ps2pdf' has already been used,
(hyperref)                setting the option has no effect on input line 35.

("C:\Program Files\MiKTeX 2.9\tex\latex\oberdiek\hypcap.sty"
Package: hypcap 2016/05/16 v1.12 Adjusting the anchors of captions (HO)
)
("C:\Program Files\MiKTeX 2.9\tex\latex\oberdiek\bookmark.sty"
Package: bookmark 2016/05/17 v1.26 PDF bookmarks (HO)

("C:\Program Files\MiKTeX 2.9\tex\latex\oberdiek\bkm-pdftex.def"
File: bkm-pdftex.def 2016/05/17 v1.26 bookmark driver for pdfTeX (HO)
\BKM@id=\count121
))
("C:\Program Files\MiKTeX 2.9\tex\latex\enumitem\enumitem.sty"
Package: enumitem 2019/02/04 v3.8 Customized lists
\labelindent=\skip62
\enit@outerparindent=\dimen151
\enit@toks=\toks31
\enit@inbox=\box31
\enit@count@id=\count122
\enitdp@description=\count123
)
("C:\Program Files\MiKTeX 2.9\tex\latex\nowidow\nowidow.sty"
Package: nowidow 2011/09/20 1.0 Easily prevent widows and orphans
Package: nowidow 
)
\c@mydef=\count124


LaTeX Warning: Unused global option(s):
    [book].

(dissertation.aux)
\openout1 = `dissertation.aux'.

LaTeX Font Info:    Checking defaults for OML/cmm/m/it on input line 74.
LaTeX Font Info:    ... okay on input line 74.
LaTeX Font Info:    Checking defaults for T1/cmr/m/n on input line 74.
LaTeX Font Info:    ... okay on input line 74.
LaTeX Font Info:    Checking defaults for OT1/cmr/m/n on input line 74.
LaTeX Font Info:    ... okay on input line 74.
LaTeX Font Info:    Checking defaults for OMS/cmsy/m/n on input line 74.
LaTeX Font Info:    ... okay on input line 74.
LaTeX Font Info:    Checking defaults for OMX/cmex/m/n on input line 74.
LaTeX Font Info:    ... okay on input line 74.
LaTeX Font Info:    Checking defaults for U/cmr/m/n on input line 74.
LaTeX Font Info:    ... okay on input line 74.
LaTeX Font Info:    Checking defaults for PD1/pdf/m/n on input line 74.
LaTeX Font Info:    ... okay on input line 74.
 ("C:\Program Files\MiKTeX 2.9\tex\context\base\supp-pdf.mkii"
[Loading MPS to PDF converter (version 2006.09.02).]
\scratchcounter=\count125
\scratchdimen=\dimen152
\scratchbox=\box32
\nofMPsegments=\count126
\nofMParguments=\count127
\everyMPshowfont=\toks32
\MPscratchCnt=\count128
\MPscratchDim=\dimen153
\MPnumerator=\count129
\makeMPintoPDFobject=\count130
\everyMPtoPDFconversion=\toks33
) ("C:\Program Files\MiKTeX 2.9\tex\latex\oberdiek\epstopdf-base.sty"
Package: epstopdf-base 2016/05/15 v2.6 Base part for package epstopdf

("C:\Program Files\MiKTeX 2.9\tex\latex\oberdiek\grfext.sty"
Package: grfext 2016/05/16 v1.2 Manage graphics extensions (HO)
)
Package epstopdf-base Info: Redefining graphics rule for `.eps' on input line 4
38.
Package grfext Info: Graphics extension search list:
(grfext)             [.eps]
(grfext)             \AppendGraphicsExtensions on input line 456.
)
Package caption Info: Begin \AtBeginDocument code.
Package caption Info: hyperref package is loaded.
Package caption Info: hypcap package is loaded.
Package caption Info: End \AtBeginDocument code.
\AtBeginShipoutBox=\box33
Package hyperref Info: Link coloring ON on input line 74.

("C:\Program Files\MiKTeX 2.9\tex\latex\hyperref\nameref.sty"
Package: nameref 2016/05/21 v2.44 Cross-referencing by name of section

("C:\Program Files\MiKTeX 2.9\tex\generic\oberdiek\gettitlestring.sty"
Package: gettitlestring 2016/05/16 v1.5 Cleanup title references (HO)
)
\c@section@level=\count131
)
LaTeX Info: Redefining \ref on input line 74.
LaTeX Info: Redefining \pageref on input line 74.
LaTeX Info: Redefining \nameref on input line 74.

(../pretext/abstract.tex [1

{C:/ProgramData/MiKTeX/2.9/pdftex/config/pdftex.map}]) (dissertation.toc
LaTeX Font Info:    Try loading font information for U+msa on input line 1.
 ("C:\Program Files\MiKTeX 2.9\tex\latex\amsfonts\umsa.fd"
File: umsa.fd 2013/01/14 v3.01 AMS symbols A
)
LaTeX Font Info:    Try loading font information for U+msb on input line 1.
("C:\Program Files\MiKTeX 2.9\tex\latex\amsfonts\umsb.fd"
File: umsb.fd 2013/01/14 v3.01 AMS symbols B
))
\tf@toc=\write3
\openout3 = `dissertation.toc'.


(../chapter1/chapter1.tex [1]
Overfull \hbox (0.19101pt too wide) in paragraph at lines 5--9
[]\OT1/cmr/m/n/12 Different from Wikipedia, well-known multi-language on-line e
n-cy-clo-pe-dia, many small-
 []

[2

] [3]) (../chapter2/chapter2.tex [4]
Underfull \hbox (badness 10000) in paragraph at lines 9--10

 []


Underfull \hbox (badness 10000) in alignment at lines 31--31
[][] 
 []


Overfull \hbox (14.09207pt too wide) in paragraph at lines 31--33
[][]
 []

<fig/graphs_category_c.png, id=130, 5018.75pt x 5018.75pt>
File: fig/graphs_category_c.png Graphic file (type png)
<use fig/graphs_category_c.png>
Package pdftex.def Info: fig/graphs_category_c.png  used on input line 43.
(pdftex.def)             Requested size: 145.6229pt x 145.57831pt.
<fig/graphs_category_ca.png, id=131, 3764.0625pt x 3764.0625pt>
File: fig/graphs_category_ca.png Graphic file (type png)
<use fig/graphs_category_ca.png>
Package pdftex.def Info: fig/graphs_category_ca.png  used on input line 49.
(pdftex.def)             Requested size: 145.6229pt x 145.59746pt.
<fig/graphs_category_a.png, id=132, 3764.0625pt x 3764.0625pt>
File: fig/graphs_category_a.png Graphic file (type png)
<use fig/graphs_category_a.png>
Package pdftex.def Info: fig/graphs_category_a.png  used on input line 54.
(pdftex.def)             Requested size: 145.6229pt x 145.59746pt.
[5

]
Underfull \hbox (badness 10000) in paragraph at lines 64--68

 []

[6] [7 <./fig/graphs_category_c.png> <./fig/graphs_category_ca.png (PNG copy)> 
<./fig/graphs_category_a.png (PNG copy)>] (fig/Section2.pdf_tex
<fig/Section2.pdf, id=191, page=1, 733.02795pt x 518.99799pt>
File: fig/Section2.pdf Graphic file (type pdf)
<use fig/Section2.pdf, page 1>
Package pdftex.def Info: fig/Section2.pdf , page1 used on input line 56.
(pdftex.def)             Requested size: 446.26582pt x 315.97061pt.
)
Missing character: There is no Ã in font cmr12!
Missing character: There is no ¤ in font cmr12!
Missing character: There is no Ã in font cmr12!
Missing character: There is no ¤ in font cmr12!
Missing character: There is no Ã in font cmr12!
Missing character: There is no ¤ in font cmr12!
Missing character: There is no Ã in font cmr12!
Missing character: There is no ¤ in font cmr12!
 [8 <./fig/Section2.pdf>]
Overfull \hbox (9.01585pt too wide) in alignment at lines 103--103
[][][][][][] 
 []


Overfull \hbox (14.09207pt too wide) in paragraph at lines 103--104
[][] 
 []

[9]) (../chapter3/chapter3.tex [10]
Missing character: There is no Ã in font cmr12!
Missing character: There is no ¤ in font cmr12!
) (../chapter5/chapter5.tex [11

]
<fig/Section5.png, id=298, 1948.27875pt x 2144.01pt>
File: fig/Section5.png Graphic file (type png)
<use fig/Section5.png>
Package pdftex.def Info: fig/Section5.png  used on input line 18.
(pdftex.def)             Requested size: 493.2442pt x 542.77318pt.

Overfull \hbox (23.48918pt too wide) in paragraph at lines 18--20
 [][] 
 []

) (../chapter6/chapter6.tex [12

] [13 <./fig/Section5.png>] [14]
<fig/Section6-1.png, id=326, 1042.89626pt x 556.0775pt>
File: fig/Section6-1.png Graphic file (type png)
<use fig/Section6-1.png>
Package pdftex.def Info: fig/Section6-1.png  used on input line 9.
(pdftex.def)             Requested size: 145.6229pt x 77.64667pt.
<fig/Section6-2.png, id=327, 445.665pt x 295.1025pt>
File: fig/Section6-2.png Graphic file (type png)
<use fig/Section6-2.png>
Package pdftex.def Info: fig/Section6-2.png  used on input line 15.
(pdftex.def)             Requested size: 145.6229pt x 96.425pt.
<fig/Section6-3.png, id=328, 657.45625pt x 421.575pt>
File: fig/Section6-3.png Graphic file (type png)
<use fig/Section6-3.png>
Package pdftex.def Info: fig/Section6-3.png  used on input line 20.
(pdftex.def)             Requested size: 145.6229pt x 93.37076pt.
<fig/Section6-4.png, id=329, 679.53876pt x 449.68pt>
File: fig/Section6-4.png Graphic file (type png)
<use fig/Section6-4.png>
Package pdftex.def Info: fig/Section6-4.png  used on input line 25.
(pdftex.def)             Requested size: 145.6229pt x 96.36368pt.
<fig/Section6-5.png, id=330, 622.325pt x 428.60126pt>
File: fig/Section6-5.png Graphic file (type png)
<use fig/Section6-5.png>
Package pdftex.def Info: fig/Section6-5.png  used on input line 31.
(pdftex.def)             Requested size: 145.6229pt x 100.28967pt.
<fig/Section6-6.png, id=331, 549.05125pt x 350.30875pt>
File: fig/Section6-6.png Graphic file (type png)
<use fig/Section6-6.png>
Package pdftex.def Info: fig/Section6-6.png  used on input line 36.
(pdftex.def)             Requested size: 145.6229pt x 92.91154pt.
<fig/Section6-7.png, id=339, 1007.765pt x 532.99126pt>
File: fig/Section6-7.png Graphic file (type png)
<use fig/Section6-7.png>
Package pdftex.def Info: fig/Section6-7.png  used on input line 49.
(pdftex.def)             Requested size: 145.6229pt x 77.01743pt.
<fig/Section6-8.png, id=340, 1022.82124pt x 569.12625pt>
File: fig/Section6-8.png Graphic file (type png)
<use fig/Section6-8.png>
Package pdftex.def Info: fig/Section6-8.png  used on input line 55.
(pdftex.def)             Requested size: 145.6229pt x 81.02316pt.
<fig/Section6-9.png, id=341, 1012.78375pt x 560.0925pt>
File: fig/Section6-9.png Graphic file (type png)
<use fig/Section6-9.png>
Package pdftex.def Info: fig/Section6-9.png  used on input line 60.
(pdftex.def)             Requested size: 145.6229pt x 80.53189pt.
<fig/Section6-10.png, id=342, 1023.825pt x 577.15625pt>
File: fig/Section6-10.png Graphic file (type png)
<use fig/Section6-10.png>
Package pdftex.def Info: fig/Section6-10.png  used on input line 65.
(pdftex.def)             Requested size: 145.6229pt x 82.0871pt.
<fig/Section6-12.png, id=343, 1019.81pt x 550.055pt>
File: fig/Section6-12.png Graphic file (type png)
<use fig/Section6-12.png>
Package pdftex.def Info: fig/Section6-12.png  used on input line 71.
(pdftex.def)             Requested size: 145.6229pt x 78.54312pt.
<fig/Section6-11.png, id=344, 1029.8475pt x 584.1825pt>
File: fig/Section6-11.png Graphic file (type png)
<use fig/Section6-11.png>
Package pdftex.def Info: fig/Section6-11.png  used on input line 76.
(pdftex.def)             Requested size: 145.6229pt x 82.59615pt.
 [15

 <./fig/Section6-1.png> <./fig/Section6-2.png> <./fig/Section6-3.png> <./fig/Se
ction6-4.png> <./fig/Section6-5.png> <./fig/Section6-6.png>]
<fig/Section6-13.png, id=362, 621.32124pt x 358.33875pt>
File: fig/Section6-13.png Graphic file (type png)
<use fig/Section6-13.png>
Package pdftex.def Info: fig/Section6-13.png  used on input line 92.
(pdftex.def)             Requested size: 220.78543pt x 127.33417pt.
<fig/Section6-14.png, id=363, 467.7475pt x 300.12125pt>
File: fig/Section6-14.png Graphic file (type png)
<use fig/Section6-14.png>
Package pdftex.def Info: fig/Section6-14.png  used on input line 98.
(pdftex.def)             Requested size: 220.78543pt x 141.66608pt.
<fig/Section6-15.png, id=364, 391.4625pt x 248.93pt>
File: fig/Section6-15.png Graphic file (type png)
<use fig/Section6-15.png>
Package pdftex.def Info: fig/Section6-15.png  used on input line 103.
(pdftex.def)             Requested size: 220.78543pt x 140.3988pt.
<fig/Section6-16.png, id=365, 445.665pt x 270.00874pt>
File: fig/Section6-16.png Graphic file (type png)
<use fig/Section6-16.png>
Package pdftex.def Info: fig/Section6-16.png  used on input line 108.
(pdftex.def)             Requested size: 220.78543pt x 133.76392pt.
<fig/Section6-17.png, id=370, 1035.87pt x 501.875pt>
File: fig/Section6-17.png Graphic file (type png)
<use fig/Section6-17.png>
Package pdftex.def Info: fig/Section6-17.png  used on input line 124.
(pdftex.def)             Requested size: 220.78543pt x 106.96674pt.
<fig/Section6-18.png, id=371, 1051.93pt x 565.11125pt>
File: fig/Section6-18.png Graphic file (type png)
<use fig/Section6-18.png>
Package pdftex.def Info: fig/Section6-18.png  used on input line 130.
(pdftex.def)             Requested size: 220.78543pt x 118.60788pt.
Missing character: There is no Ã in font cmr12!
Missing character: There is no « in font cmr12!
Missing character: There is no Ã in font cmr12!
Missing character: There is no º in font cmr12!
Missing character: There is no Ã in font cmr12!
Missing character: There is no ¤ in font cmr12!
Missing character: There is no Ã in font cmr12!
Missing character: There is no ¶ in font cmr12!
Missing character: There is no Ã in font cmr12!
Missing character: There is no « in font cmr12!
) (../conclusion/conclusion.tex [16 <./fig/Section6-7.png> <./fig/Section6-8.pn
g> <./fig/Section6-9.png> <./fig/Section6-10.png> <./fig/Section6-12.png> <./fi
g/Section6-11.png>] [17 <./fig/Section6-13.png> <./fig/Section6-14.png> <./fig/
Section6-15.png> <./fig/Section6-16.png> <./fig/Section6-17.png> <./fig/Section
6-18.png>]) (dissertation.bbl
[18

]
Missing character: There is no â in font cmr12!
Missing character: There is no € in font cmr12!
Missing character: There is no ˜ in font cmr12!
Missing character: There is no â in font cmr12!
Missing character: There is no € in font cmr12!
Missing character: There is no ™ in font cmr12!
)
Package atveryend Info: Empty hook `BeforeClearDocument' on input line 106.
 [19]
Package atveryend Info: Empty hook `AfterLastShipout' on input line 106.
 (dissertation.aux)
Package atveryend Info: Executing hook `AtVeryEndDocument' on input line 106.
Package atveryend Info: Empty hook `AtEndAfterFileList' on input line 106.
Package atveryend Info: Empty hook `AtVeryVeryEnd' on input line 106.
 ) 
Here is how much of TeX's memory you used:
 9197 strings out of 493305
 138601 string characters out of 3138874
 235187 words of memory out of 3000000
 12454 multiletter control sequences out of 15000+200000
 14119 words of font info for 55 fonts, out of 3000000 for 9000
 1141 hyphenation exceptions out of 8191
 36i,17n,46p,1770b,497s stack positions out of 5000i,500n,10000p,200000b,50000s
<C:/Program Files/MiKTeX 2.9/fonts/type1/public/amsfonts/cm/cmbx10.pfb><C:/Pr
ogram Files/MiKTeX 2.9/fonts/type1/public/amsfonts/cm/cmbx12.pfb><C:/Program Fi
les/MiKTeX 2.9/fonts/type1/public/amsfonts/cm/cmmi10.pfb><C:/Program Files/MiKT
eX 2.9/fonts/type1/public/amsfonts/cm/cmmi12.pfb><C:/Program Files/MiKTeX 2.9/f
onts/type1/public/amsfonts/cm/cmmi8.pfb><C:/Program Files/MiKTeX 2.9/fonts/type
1/public/amsfonts/cm/cmr10.pfb><C:/Program Files/MiKTeX 2.9/fonts/type1/public/
amsfonts/cm/cmr12.pfb><C:/Program Files/MiKTeX 2.9/fonts/type1/public/amsfonts/
cm/cmr7.pfb><C:/Program Files/MiKTeX 2.9/fonts/type1/public/amsfonts/cm/cmr8.pf
b><C:/Program Files/MiKTeX 2.9/fonts/type1/public/amsfonts/cm/cmsy10.pfb><C:/Pr
ogram Files/MiKTeX 2.9/fonts/type1/public/amsfonts/cm/cmti12.pfb>
Output written on dissertation.pdf (20 pages, 33317427 bytes).
PDF statistics:
 550 PDF objects out of 1000 (max. 8388607)
 113 named destinations out of 1000 (max. 500000)
 324 words of extra memory for PDF output out of 10000 (max. 10000000)

